{
  "RSpec": {
    "coverage": {
      "/Users/jcasimir/Projects/event_reporter/eventmanager.rb": [
        1,
        1,
        1,
        null,
        1,
        1,
        null,
        1,
        null,
        1,
        0,
        null,
        null,
        1,
        0,
        0,
        null,
        null,
        null,
        1,
        0,
        0,
        null,
        null,
        null,
        1,
        0,
        0,
        null,
        null,
        null,
        1,
        null,
        1,
        0,
        null,
        null,
        null,
        null,
        null,
        null,
        null,
        null
      ],
      "/Users/jcasimir/Projects/event_reporter/lib/attendee.rb": [
        1,
        null,
        1,
        1,
        0,
        null,
        null,
        null,
        1,
        1,
        0,
        null,
        null,
        1,
        0,
        null,
        null,
        null,
        1,
        null,
        1,
        null,
        0,
        null,
        null,
        1,
        0,
        null,
        null,
        1,
        0,
        null,
        null,
        1,
        0,
        null,
        null,
        null,
        null
      ],
      "/Users/jcasimir/Projects/event_reporter/lib/event_reporter/queue.rb": [
        1,
        1,
        null,
        1,
        4,
        null,
        null,
        1,
        5,
        3,
        null,
        2,
        null,
        null,
        null,
        1,
        2,
        null,
        null,
        1,
        null,
        1,
        11,
        null,
        null,
        1,
        11,
        2,
        9,
        4,
        5,
        3,
        null,
        2,
        null,
        null,
        null,
        null,
        null
      ]
    },
    "timestamp": 1332341621
  }
}
